0 info it worked if it ends with ok
1 verbose cli [ 'node', '/usr/local/bin/npm', 'install', 'bower', '-g' ]
2 info using npm@2.7.4
3 info using node@v0.12.2
4 silly cache add args [ 'bower', null ]
5 verbose cache add spec bower
6 silly cache add parsed spec { raw: 'bower',
6 silly cache add   scope: null,
6 silly cache add   name: 'bower',
6 silly cache add   rawSpec: '',
6 silly cache add   spec: '*',
6 silly cache add   type: 'range' }
7 verbose addNamed bower@*
8 silly addNamed semver.valid null
9 silly addNamed semver.validRange *
10 silly addNameRange { name: 'bower', range: '*', hasData: false }
11 silly mapToRegistry name bower
12 silly mapToRegistry using default registry
13 silly mapToRegistry registry https://registry.npmjs.org/
14 silly mapToRegistry uri https://registry.npmjs.org/bower
15 verbose addNameRange registry:https://registry.npmjs.org/bower not in flight; fetching
16 verbose request uri https://registry.npmjs.org/bower
17 verbose request no auth needed
18 info attempt registry request try #1 at 9:19:41 PM
19 verbose request id 7b9a2bafce1b0cf0
20 verbose etag "98DLCRQ07FTPJ7UQTSIEM7GS"
21 http request GET https://registry.npmjs.org/bower
22 http 304 https://registry.npmjs.org/bower
23 silly get cb [ 304,
23 silly get   { date: 'Thu, 23 Apr 2015 02:19:42 GMT',
23 silly get     server: 'Apache',
23 silly get     via: '1.1 varnish',
23 silly get     'last-modified': 'Thu, 23 Apr 2015 02:19:40 GMT',
23 silly get     'cache-control': 'max-age=60',
23 silly get     etag: '"98DLCRQ07FTPJ7UQTSIEM7GS"',
23 silly get     age: '56',
23 silly get     'x-served-by': 'cache-dfw1834-DFW',
23 silly get     'x-cache': 'HIT',
23 silly get     'x-cache-hits': '2',
23 silly get     'x-timer': 'S1429755582.470899,VS0,VE0',
23 silly get     vary: 'Accept',
23 silly get     'content-length': '0',
23 silly get     'keep-alive': 'timeout=10, max=50',
23 silly get     connection: 'Keep-Alive' } ]
24 verbose etag https://registry.npmjs.org/bower from cache
25 verbose get saving bower to /Users/Sudarshan/.npm/registry.npmjs.org/bower/.cache.json
26 silly addNameRange number 2 { name: 'bower', range: '*', hasData: true }
27 silly addNameRange versions [ 'bower',
27 silly addNameRange   [ '0.1.0',
27 silly addNameRange     '0.1.2',
27 silly addNameRange     '0.1.3',
27 silly addNameRange     '0.2.0',
27 silly addNameRange     '0.3.0',
27 silly addNameRange     '0.3.1',
27 silly addNameRange     '0.3.2',
27 silly addNameRange     '0.4.0',
27 silly addNameRange     '0.5.0',
27 silly addNameRange     '0.5.1',
27 silly addNameRange     '0.6.0',
27 silly addNameRange     '0.6.1',
27 silly addNameRange     '0.6.2',
27 silly addNameRange     '0.6.3',
27 silly addNameRange     '0.6.4',
27 silly addNameRange     '0.6.5',
27 silly addNameRange     '0.6.6',
27 silly addNameRange     '0.6.7',
27 silly addNameRange     '0.6.8',
27 silly addNameRange     '0.7.0',
27 silly addNameRange     '0.7.1',
27 silly addNameRange     '0.8.0',
27 silly addNameRange     '0.8.1',
27 silly addNameRange     '0.8.2',
27 silly addNameRange     '0.8.3',
27 silly addNameRange     '0.8.4',
27 silly addNameRange     '0.8.5',
27 silly addNameRange     '0.8.6',
27 silly addNameRange     '0.9.0',
27 silly addNameRange     '0.9.1',
27 silly addNameRange     '0.9.2',
27 silly addNameRange     '0.10.0',
27 silly addNameRange     '1.0.0',
27 silly addNameRange     '1.0.1',
27 silly addNameRange     '1.0.2',
27 silly addNameRange     '1.0.3',
27 silly addNameRange     '1.1.0',
27 silly addNameRange     '1.1.1',
27 silly addNameRange     '1.1.2',
27 silly addNameRange     '1.2.0',
27 silly addNameRange     '1.2.1',
27 silly addNameRange     '1.2.2',
27 silly addNameRange     '1.2.3',
27 silly addNameRange     '1.2.4',
27 silly addNameRange     '1.2.5',
27 silly addNameRange     '1.2.6',
27 silly addNameRange     '1.2.7',
27 silly addNameRange     '1.2.8',
27 silly addNameRange     '1.3.0',
27 silly addNameRange     '1.3.1',
27 silly addNameRange     '1.3.2',
27 silly addNameRange     '1.3.3',
27 silly addNameRange     '1.3.4',
27 silly addNameRange     '1.3.5',
27 silly addNameRange     '1.3.6',
27 silly addNameRange     '1.3.7',
27 silly addNameRange     '1.3.8',
27 silly addNameRange     '1.3.9',
27 silly addNameRange     '1.3.10',
27 silly addNameRange     '1.3.11',
27 silly addNameRange     '1.3.12',
27 silly addNameRange     '1.4.0',
27 silly addNameRange     '1.4.1' ] ]
28 verbose addNamed bower@1.4.1
29 silly addNamed semver.valid 1.4.1
30 silly addNamed semver.validRange 1.4.1
31 silly cache afterAdd bower@1.4.1
32 verbose afterAdd /Users/Sudarshan/.npm/bower/1.4.1/package/package.json not in flight; writing
33 verbose afterAdd /Users/Sudarshan/.npm/bower/1.4.1/package/package.json written
34 silly install resolved [ { name: 'bower',
34 silly install resolved     version: '1.4.1',
34 silly install resolved     description: 'The browser package manager',
34 silly install resolved     author: { name: 'Twitter' },
34 silly install resolved     licenses: [ [Object] ],
34 silly install resolved     repository: { type: 'git', url: 'https://github.com/bower/bower' },
34 silly install resolved     main: 'lib',
34 silly install resolved     homepage: 'http://bower.io',
34 silly install resolved     engines: { node: '>=0.10.0' },
34 silly install resolved     dependencies:
34 silly install resolved      { abbrev: '^1.0.5',
34 silly install resolved        archy: '1.0.0',
34 silly install resolved        'bower-config': '^0.6.1',
34 silly install resolved        'bower-endpoint-parser': '^0.2.2',
34 silly install resolved        'bower-json': '^0.4.0',
34 silly install resolved        'bower-logger': '^0.2.2',
34 silly install resolved        'bower-registry-client': '^0.3.0',
34 silly install resolved        cardinal: '0.4.4',
34 silly install resolved        chalk: '^1.0.0',
34 silly install resolved        chmodr: '0.1.0',
34 silly install resolved        configstore: '^0.3.2',
34 silly install resolved        'decompress-zip': '^0.1.0',
34 silly install resolved        fstream: '^1.0.3',
34 silly install resolved        'fstream-ignore': '^1.0.2',
34 silly install resolved        github: '^0.2.3',
34 silly install resolved        glob: '^4.3.2',
34 silly install resolved        'graceful-fs': '^3.0.5',
34 silly install resolved        handlebars: '^2.0.0',
34 silly install resolved        inquirer: '0.8.0',
34 silly install resolved        insight: '^0.5.0',
34 silly install resolved        'is-root': '^1.0.0',
34 silly install resolved        junk: '^1.0.0',
34 silly install resolved        lockfile: '^1.0.0',
34 silly install resolved        'lru-cache': '^2.5.0',
34 silly install resolved        mkdirp: '0.5.0',
34 silly install resolved        mout: '^0.11.0',
34 silly install resolved        nopt: '^3.0.1',
34 silly install resolved        opn: '^1.0.1',
34 silly install resolved        'p-throttler': '0.1.1',
34 silly install resolved        promptly: '0.2.0',
34 silly install resolved        q: '^1.1.2',
34 silly install resolved        request: '2.53.0',
34 silly install resolved        'request-progress': '0.3.1',
34 silly install resolved        retry: '0.6.1',
34 silly install resolved        rimraf: '^2.2.8',
34 silly install resolved        semver: '^2.3.0',
34 silly install resolved        'shell-quote': '^1.4.2',
34 silly install resolved        'stringify-object': '^1.0.0',
34 silly install resolved        'tar-fs': '^1.4.1',
34 silly install resolved        tmp: '0.0.24',
34 silly install resolved        'update-notifier': '^0.3.0',
34 silly install resolved        'user-home': '^1.1.0',
34 silly install resolved        which: '^1.0.8' },
34 silly install resolved     devDependencies:
34 silly install resolved      { chai: '^1.10.0',
34 silly install resolved        coveralls: '^2.11.2',
34 silly install resolved        'expect.js': '^0.3.1',
34 silly install resolved        grunt: '^0.4.5',
34 silly install resolved        'grunt-cli': '^0.1.13',
34 silly install resolved        'grunt-contrib-jshint': '^0.10.0',
34 silly install resolved        'grunt-contrib-watch': '^0.6.1',
34 silly install resolved        'grunt-exec': '^0.4.6',
34 silly install resolved        'grunt-simple-mocha': '^0.4.0',
34 silly install resolved        istanbul: '^0.3.5',
34 silly install resolved        'load-grunt-tasks': '^2.0.0',
34 silly install resolved        mocha: '^2.1.0',
34 silly install resolved        multiline: '^1.0.2',
34 silly install resolved        nock: '^0.56.0',
34 silly install resolved        'node-uuid': '^1.4.2',
34 silly install resolved        proxyquire: '^1.3.0',
34 silly install resolved        'spawn-sync': '^1.0.5' },
34 silly install resolved     scripts: { test: 'grunt test' },
34 silly install resolved     bin: { bower: 'bin/bower' },
34 silly install resolved     preferGlobal: true,
34 silly install resolved     gitHead: 'a1287416d40f944d58cb8f2e774e2076bfffd32f',
34 silly install resolved     bugs: { url: 'https://github.com/bower/bower/issues' },
34 silly install resolved     _id: 'bower@1.4.1',
34 silly install resolved     _shasum: 'a18be39d030792754f30f1c5b32d37b0156ba8dd',
34 silly install resolved     _from: 'bower@*',
34 silly install resolved     _npmVersion: '2.7.4',
34 silly install resolved     _nodeVersion: '0.12.0',
34 silly install resolved     _npmUser: { name: 'sheerun', email: 'sheerun@sher.pl' },
34 silly install resolved     maintainers: [ [Object], [Object], [Object], [Object], [Object], [Object] ],
34 silly install resolved     dist:
34 silly install resolved      { shasum: 'a18be39d030792754f30f1c5b32d37b0156ba8dd',
34 silly install resolved        tarball: 'http://registry.npmjs.org/bower/-/bower-1.4.1.tgz' },
34 silly install resolved     directories: {},
34 silly install resolved     _resolved: 'https://registry.npmjs.org/bower/-/bower-1.4.1.tgz',
34 silly install resolved     readme: 'ERROR: No README data found!' } ]
35 info install bower@1.4.1 into /Users/Sudarshan/.node/lib
36 info installOne bower@1.4.1
37 verbose installOne of bower to /Users/Sudarshan/.node/lib not in flight; installing
38 verbose lock using /Users/Sudarshan/.npm/_locks/bower-1d4438d9cad0ecaa.lock for /Users/Sudarshan/.node/lib/node_modules/bower
39 silly install write writing bower 1.4.1 to /Users/Sudarshan/.node/lib/node_modules/bower
40 silly cache addNamed cb bower@1.4.1
41 verbose unbuild lib/node_modules/bower
42 info preuninstall bower@1.4.1
43 info uninstall bower@1.4.1
44 verbose unbuild rmStuff bower@1.4.1 from /Users/Sudarshan/.node/lib/node_modules
45 silly gentlyRm /Users/Sudarshan/.node/bin/bower is being gently removed
46 silly gentlyRm verifying /Users/Sudarshan/.node is an npm working directory
47 silly gentlyRm containing path /Users/Sudarshan/.node is under npm's control, in /Users/Sudarshan/.node
48 silly gentlyRm deletion target /Users/Sudarshan/.node/bin/bower is under /Users/Sudarshan/.node
49 verbose gentlyRm vacuuming from /Users/Sudarshan/.node/bin/bower up to /Users/Sudarshan/.node
50 silly vacuum-fs removing /Users/Sudarshan/.node/bin/bower
51 silly vacuum-fs quitting because other entries in /Users/Sudarshan/.node/bin
52 info postuninstall bower@1.4.1
53 silly gentlyRm /Users/Sudarshan/.node/lib/node_modules/bower is being purged from base /Users/Sudarshan/.node
54 verbose gentlyRm don't care about contents; nuking /Users/Sudarshan/.node/lib/node_modules/bower
55 silly vacuum-fs purging /Users/Sudarshan/.node/lib/node_modules/bower
56 verbose unlock done using /Users/Sudarshan/.npm/_locks/bower-1d4438d9cad0ecaa.lock for /Users/Sudarshan/.node/lib/node_modules/bower
57 verbose stack Error: EACCES, unlink '/Users/Sudarshan/.node/lib/node_modules/bower/.editorconfig'
57 verbose stack     at Error (native)
58 verbose cwd /Users/Sudarshan/Documents/SportsHub/Extensino
59 error Darwin 14.0.0
60 error argv "node" "/usr/local/bin/npm" "install" "bower" "-g"
61 error node v0.12.2
62 error npm  v2.7.4
63 error path /Users/Sudarshan/.node/lib/node_modules/bower/.editorconfig
64 error code EACCES
65 error errno -13
66 error Error: EACCES, unlink '/Users/Sudarshan/.node/lib/node_modules/bower/.editorconfig'
66 error     at Error (native)
66 error  { [Error: EACCES, unlink '/Users/Sudarshan/.node/lib/node_modules/bower/.editorconfig']
66 error   errno: -13,
66 error   code: 'EACCES',
66 error   path: '/Users/Sudarshan/.node/lib/node_modules/bower/.editorconfig' }
67 error Please try running this command again as root/Administrator.
68 verbose exit [ -13, true ]
69 verbose unbuild lib/node_modules/bower
70 info preuninstall bower@1.4.1
71 info uninstall bower@1.4.1
72 verbose unbuild rmStuff bower@1.4.1 from /Users/Sudarshan/.node/lib/node_modules
73 silly gentlyRm /Users/Sudarshan/.node/bin/bower is being gently removed
74 silly gentlyRm verifying /Users/Sudarshan/.node is an npm working directory
75 silly gentlyRm containing path /Users/Sudarshan/.node is under npm's control, in /Users/Sudarshan/.node
76 silly gentlyRm deletion target /Users/Sudarshan/.node/bin/bower is under /Users/Sudarshan/.node
77 verbose gentlyRm vacuuming from /Users/Sudarshan/.node/bin/bower up to /Users/Sudarshan/.node
78 info postuninstall bower@1.4.1
79 silly gentlyRm /Users/Sudarshan/.node/lib/node_modules/bower is being purged from base /Users/Sudarshan/.node
80 verbose gentlyRm don't care about contents; nuking /Users/Sudarshan/.node/lib/node_modules/bower
81 silly vacuum-fs purging /Users/Sudarshan/.node/lib/node_modules/bower
82 error error rolling back Error: EACCES, unlink '/Users/Sudarshan/.node/lib/node_modules/bower/.editorconfig'
82 error error rolling back     at Error (native)
82 error error rolling back  { [Error: EACCES, unlink '/Users/Sudarshan/.node/lib/node_modules/bower/.editorconfig']
82 error error rolling back   errno: -13,
82 error error rolling back   code: 'EACCES',
82 error error rolling back   path: '/Users/Sudarshan/.node/lib/node_modules/bower/.editorconfig' }
